<?xml version="1.0" encoding="UTF-8"?>
<!-- Generated by org.testng.reporters.JUnitXMLReporter -->
<testsuite hostname="LENOVO-PC" ignored="0" name="Default test" tests="1" failures="0" timestamp="2021-04-19T17:03:51 IST" time="0.063" errors="0">
  <testcase name="@BeforeClass launchBrowser" time="0.0" classname="com.Vtiger.MyCampaigns.generics.Baseclass">
    <failure type="java.io.FileNotFoundException" message=".\SDET.Vtiger_MyCampaigns\data\commonData.property (The system cannot find the path specified)">
      <![CDATA[java.io.FileNotFoundException: .\SDET.Vtiger_MyCampaigns\data\commonData.property (The system cannot find the path specified)
at java.io.FileInputStream.open0(Native Method)
at java.io.FileInputStream.open(Unknown Source)
at java.io.FileInputStream.<init>(Unknown Source)
at java.io.FileInputStream.<init>(Unknown Source)
at com.Vtiger.MyCampaigns.generics.FileUtility.readDataFromPropFile(FileUtility.java:20)
at com.Vtiger.MyCampaigns.generics.Baseclass.launchBrowser(Baseclass.java:54)
at sun.reflect.NativeMethodAccessorImpl.invoke0(Native Method)
at sun.reflect.NativeMethodAccessorImpl.invoke(Unknown Source)
at sun.reflect.DelegatingMethodAccessorImpl.invoke(Unknown Source)
at java.lang.reflect.Method.invoke(Unknown Source)
at org.testng.internal.MethodInvocationHelper.invokeMethod(MethodInvocationHelper.java:132)
at org.testng.internal.MethodInvocationHelper.invokeMethodConsideringTimeout(MethodInvocationHelper.java:61)
at org.testng.internal.ConfigInvoker.invokeConfigurationMethod(ConfigInvoker.java:366)
at org.testng.internal.ConfigInvoker.invokeConfigurations(ConfigInvoker.java:320)
at org.testng.internal.TestMethodWorker.invokeBeforeClassMethods(TestMethodWorker.java:176)
at org.testng.internal.TestMethodWorker.run(TestMethodWorker.java:122)
at java.util.ArrayList.forEach(Unknown Source)
at org.testng.TestRunner.privateRun(TestRunner.java:764)
at org.testng.TestRunner.run(TestRunner.java:585)
at org.testng.SuiteRunner.runTest(SuiteRunner.java:384)
at org.testng.SuiteRunner.runSequentially(SuiteRunner.java:378)
at org.testng.SuiteRunner.privateRun(SuiteRunner.java:337)
at org.testng.SuiteRunner.run(SuiteRunner.java:286)
at org.testng.SuiteRunnerWorker.runSuite(SuiteRunnerWorker.java:53)
at org.testng.SuiteRunnerWorker.run(SuiteRunnerWorker.java:96)
at org.testng.TestNG.runSuitesSequentially(TestNG.java:1218)
at org.testng.TestNG.runSuitesLocally(TestNG.java:1140)
at org.testng.TestNG.runSuites(TestNG.java:1069)
at org.testng.TestNG.run(TestNG.java:1037)
at org.testng.remote.AbstractRemoteTestNG.run(AbstractRemoteTestNG.java:115)
at org.testng.remote.RemoteTestNG.initAndRun(RemoteTestNG.java:251)
at org.testng.remote.RemoteTestNG.main(RemoteTestNG.java:77)
]]>
    </failure>
  </testcase> <!-- @BeforeClass launchBrowser -->
  <testcase name="@BeforeMethod logintoapp" time="-1.618832031494E9" classname="com.Vtiger.MyCampaigns.generics.Baseclass">
    <skipped/>
  </testcase> <!-- @BeforeMethod logintoapp -->
  <testcase name="@AfterMethod logoutfromApp" time="-1.61883203151E9" classname="com.Vtiger.MyCampaigns.generics.Baseclass">
    <skipped/>
  </testcase> <!-- @AfterMethod logoutfromApp -->
  <testcase name="@AfterClass closeBrowser" time="-1.61883203151E9" classname="com.Vtiger.MyCampaigns.generics.Baseclass">
    <skipped/>
  </testcase> <!-- @AfterClass closeBrowser -->
  <testcase name="Mass_Edit_CampaignTC" time="0.0" classname="MavenPro_TYSS.SDET.Vtiger_MyCampaigns_TestScripts.Campaign_MassEdit_tc">
    <skipped/>
  </testcase> <!-- Mass_Edit_CampaignTC -->
</testsuite> <!-- Default test -->
