<html>
<head>
<title>TestNG:  Test</title>
<link href="../testng.css" rel="stylesheet" type="text/css" />
<link href="../my-testng.css" rel="stylesheet" type="text/css" />

<style type="text/css">
.log { display: none;} 
.stack-trace { display: none;} 
</style>
<script type="text/javascript">
<!--
function flip(e) {
  current = e.style.display;
  if (current == 'block') {
    e.style.display = 'none';
    return 0;
  }
  else {
    e.style.display = 'block';
    return 1;
  }
}

function toggleBox(szDivId, elem, msg1, msg2)
{
  var res = -1;  if (document.getElementById) {
    res = flip(document.getElementById(szDivId));
  }
  else if (document.all) {
    // this is the way old msie versions work
    res = flip(document.all[szDivId]);
  }
  if(elem) {
    if(res == 0) elem.innerHTML = msg1; else elem.innerHTML = msg2;
  }

}

function toggleAllBoxes() {
  if (document.getElementsByTagName) {
    d = document.getElementsByTagName('div');
    for (i = 0; i < d.length; i++) {
      if (d[i].className == 'log') {
        flip(d[i]);
      }
    }
  }
}

// -->
</script>

</head>
<body>
<h2 align='center'>Test</h2><table border='1' align="center">
<tr>
<td>Tests passed/Failed/Skipped:</td><td>0/0/5</td>
</tr><tr>
<td>Started on:</td><td>Wed Apr 21 01:31:32 IST 2021</td>
</tr>
<tr><td>Total time:</td><td>0 seconds (221 ms)</td>
</tr><tr>
<td>Included groups:</td><td></td>
</tr><tr>
<td>Excluded groups:</td><td></td>
</tr>
</table><p/>
<small><i>(Hover the method name to see the test class name)</i></small><p/>
<table width='100%' border='1' class='invocation-failed'>
<tr><td colspan='4' align='center'><b>FAILED CONFIGURATIONS</b></td></tr>
<tr><td><b>Test method</b></td>
<td width="30%"><b>Exception</b></td>
<td width="10%"><b>Time (seconds)</b></td>
<td><b>Instance</b></td>
</tr>
<tr>
<td title='MavenPro_TYSS.SDET.Vtiger_MyCampaigns_TestScripts.TestCase_12_MEDispOldData.launchBrowser()'><b>launchBrowser</b><br>Test class: MavenPro_TYSS.SDET.Vtiger_MyCampaigns_TestScripts.TestCase_12_MEDispOldData</td>
<td><div><pre>java.io.FileNotFoundException: .\SDET.Vtiger_MyCampaigns\data\commonData.properties (The system cannot find the path specified)
	at java.io.FileInputStream.open0(Native Method)
	at java.io.FileInputStream.open(Unknown Source)
	at java.io.FileInputStream.&lt;init&gt;(Unknown Source)
	at java.io.FileInputStream.&lt;init&gt;(Unknown Source)
	at com.Vtiger.MyCampaigns.generics.FileUtility.readDataFromPropFile(FileUtility.java:20)
	at com.Vtiger.MyCampaigns.generics.Baseclass.launchBrowser(Baseclass.java:52)
	at java.util.ArrayList.forEach(Unknown Source)
... Removed 25 stack frames</pre></div><a href='#' onClick='toggleBox("stack-trace233996206", this, "Click to show all stack frames", "Click to hide stack frames")'>Click to show all stack frames</a>
<div class='stack-trace' id='stack-trace233996206'><pre>java.io.FileNotFoundException: .\SDET.Vtiger_MyCampaigns\data\commonData.properties (The system cannot find the path specified)
	at java.io.FileInputStream.open0(Native Method)
	at java.io.FileInputStream.open(Unknown Source)
	at java.io.FileInputStream.&lt;init&gt;(Unknown Source)
	at java.io.FileInputStream.&lt;init&gt;(Unknown Source)
	at com.Vtiger.MyCampaigns.generics.FileUtility.readDataFromPropFile(FileUtility.java:20)
	at com.Vtiger.MyCampaigns.generics.Baseclass.launchBrowser(Baseclass.java:52)
	at sun.reflect.NativeMethodAccessorImpl.invoke0(Native Method)
	at sun.reflect.NativeMethodAccessorImpl.invoke(Unknown Source)
	at sun.reflect.DelegatingMethodAccessorImpl.invoke(Unknown Source)
	at java.lang.reflect.Method.invoke(Unknown Source)
	at org.testng.internal.MethodInvocationHelper.invokeMethod(MethodInvocationHelper.java:132)
	at org.testng.internal.MethodInvocationHelper.invokeMethodConsideringTimeout(MethodInvocationHelper.java:61)
	at org.testng.internal.ConfigInvoker.invokeConfigurationMethod(ConfigInvoker.java:366)
	at org.testng.internal.ConfigInvoker.invokeConfigurations(ConfigInvoker.java:320)
	at org.testng.internal.TestMethodWorker.invokeBeforeClassMethods(TestMethodWorker.java:176)
	at org.testng.internal.TestMethodWorker.run(TestMethodWorker.java:122)
	at java.util.ArrayList.forEach(Unknown Source)
	at org.testng.TestRunner.privateRun(TestRunner.java:764)
	at org.testng.TestRunner.run(TestRunner.java:585)
	at org.testng.SuiteRunner.runTest(SuiteRunner.java:384)
	at org.testng.SuiteRunner.runSequentially(SuiteRunner.java:378)
	at org.testng.SuiteRunner.privateRun(SuiteRunner.java:337)
	at org.testng.SuiteRunner.run(SuiteRunner.java:286)
	at org.testng.SuiteRunnerWorker.runSuite(SuiteRunnerWorker.java:53)
	at org.testng.SuiteRunnerWorker.run(SuiteRunnerWorker.java:96)
	at org.testng.TestNG.runSuitesSequentially(TestNG.java:1218)
	at org.testng.TestNG.runSuitesLocally(TestNG.java:1140)
	at org.testng.TestNG.runSuites(TestNG.java:1069)
	at org.testng.TestNG.run(TestNG.java:1037)
	at org.testng.remote.AbstractRemoteTestNG.run(AbstractRemoteTestNG.java:115)
	at org.testng.remote.RemoteTestNG.initAndRun(RemoteTestNG.java:251)
	at org.testng.remote.RemoteTestNG.main(RemoteTestNG.java:77)
</pre></div></td>
<td>0</td>
<td>MavenPro_TYSS.SDET.Vtiger_MyCampaigns_TestScripts.TestCase_12_MEDispOldData@2a556333</td></tr>
<tr>
<td title='MavenPro_TYSS.SDET.Vtiger_MyCampaigns_TestScripts.TestCase_11_MassEditForMandatoryFields.launchBrowser()'><b>launchBrowser</b><br>Test class: MavenPro_TYSS.SDET.Vtiger_MyCampaigns_TestScripts.TestCase_11_MassEditForMandatoryFields</td>
<td><div><pre>java.io.FileNotFoundException: .\SDET.Vtiger_MyCampaigns\data\commonData.properties (The system cannot find the path specified)
	at java.io.FileInputStream.open0(Native Method)
	at java.io.FileInputStream.open(Unknown Source)
	at java.io.FileInputStream.&lt;init&gt;(Unknown Source)
	at java.io.FileInputStream.&lt;init&gt;(Unknown Source)
	at com.Vtiger.MyCampaigns.generics.FileUtility.readDataFromPropFile(FileUtility.java:20)
	at com.Vtiger.MyCampaigns.generics.Baseclass.launchBrowser(Baseclass.java:52)
	at java.util.ArrayList.forEach(Unknown Source)
... Removed 25 stack frames</pre></div><a href='#' onClick='toggleBox("stack-trace1586845078", this, "Click to show all stack frames", "Click to hide stack frames")'>Click to show all stack frames</a>
<div class='stack-trace' id='stack-trace1586845078'><pre>java.io.FileNotFoundException: .\SDET.Vtiger_MyCampaigns\data\commonData.properties (The system cannot find the path specified)
	at java.io.FileInputStream.open0(Native Method)
	at java.io.FileInputStream.open(Unknown Source)
	at java.io.FileInputStream.&lt;init&gt;(Unknown Source)
	at java.io.FileInputStream.&lt;init&gt;(Unknown Source)
	at com.Vtiger.MyCampaigns.generics.FileUtility.readDataFromPropFile(FileUtility.java:20)
	at com.Vtiger.MyCampaigns.generics.Baseclass.launchBrowser(Baseclass.java:52)
	at sun.reflect.NativeMethodAccessorImpl.invoke0(Native Method)
	at sun.reflect.NativeMethodAccessorImpl.invoke(Unknown Source)
	at sun.reflect.DelegatingMethodAccessorImpl.invoke(Unknown Source)
	at java.lang.reflect.Method.invoke(Unknown Source)
	at org.testng.internal.MethodInvocationHelper.invokeMethod(MethodInvocationHelper.java:132)
	at org.testng.internal.MethodInvocationHelper.invokeMethodConsideringTimeout(MethodInvocationHelper.java:61)
	at org.testng.internal.ConfigInvoker.invokeConfigurationMethod(ConfigInvoker.java:366)
	at org.testng.internal.ConfigInvoker.invokeConfigurations(ConfigInvoker.java:320)
	at org.testng.internal.TestMethodWorker.invokeBeforeClassMethods(TestMethodWorker.java:176)
	at org.testng.internal.TestMethodWorker.run(TestMethodWorker.java:122)
	at java.util.ArrayList.forEach(Unknown Source)
	at org.testng.TestRunner.privateRun(TestRunner.java:764)
	at org.testng.TestRunner.run(TestRunner.java:585)
	at org.testng.SuiteRunner.runTest(SuiteRunner.java:384)
	at org.testng.SuiteRunner.runSequentially(SuiteRunner.java:378)
	at org.testng.SuiteRunner.privateRun(SuiteRunner.java:337)
	at org.testng.SuiteRunner.run(SuiteRunner.java:286)
	at org.testng.SuiteRunnerWorker.runSuite(SuiteRunnerWorker.java:53)
	at org.testng.SuiteRunnerWorker.run(SuiteRunnerWorker.java:96)
	at org.testng.TestNG.runSuitesSequentially(TestNG.java:1218)
	at org.testng.TestNG.runSuitesLocally(TestNG.java:1140)
	at org.testng.TestNG.runSuites(TestNG.java:1069)
	at org.testng.TestNG.run(TestNG.java:1037)
	at org.testng.remote.AbstractRemoteTestNG.run(AbstractRemoteTestNG.java:115)
	at org.testng.remote.RemoteTestNG.initAndRun(RemoteTestNG.java:251)
	at org.testng.remote.RemoteTestNG.main(RemoteTestNG.java:77)
</pre></div></td>
<td>0</td>
<td>MavenPro_TYSS.SDET.Vtiger_MyCampaigns_TestScripts.TestCase_11_MassEditForMandatoryFields@7d70d1b1</td></tr>
<tr>
<td title='MavenPro_TYSS.SDET.Vtiger_MyCampaigns_TestScripts.TestCase_13_WorldClockPopUP.launchBrowser()'><b>launchBrowser</b><br>Test class: MavenPro_TYSS.SDET.Vtiger_MyCampaigns_TestScripts.TestCase_13_WorldClockPopUP</td>
<td><div><pre>java.io.FileNotFoundException: .\SDET.Vtiger_MyCampaigns\data\commonData.properties (The system cannot find the path specified)
	at java.io.FileInputStream.open0(Native Method)
	at java.io.FileInputStream.open(Unknown Source)
	at java.io.FileInputStream.&lt;init&gt;(Unknown Source)
	at java.io.FileInputStream.&lt;init&gt;(Unknown Source)
	at com.Vtiger.MyCampaigns.generics.FileUtility.readDataFromPropFile(FileUtility.java:20)
	at com.Vtiger.MyCampaigns.generics.Baseclass.launchBrowser(Baseclass.java:52)
	at java.util.ArrayList.forEach(Unknown Source)
... Removed 25 stack frames</pre></div><a href='#' onClick='toggleBox("stack-trace1909546776", this, "Click to show all stack frames", "Click to hide stack frames")'>Click to show all stack frames</a>
<div class='stack-trace' id='stack-trace1909546776'><pre>java.io.FileNotFoundException: .\SDET.Vtiger_MyCampaigns\data\commonData.properties (The system cannot find the path specified)
	at java.io.FileInputStream.open0(Native Method)
	at java.io.FileInputStream.open(Unknown Source)
	at java.io.FileInputStream.&lt;init&gt;(Unknown Source)
	at java.io.FileInputStream.&lt;init&gt;(Unknown Source)
	at com.Vtiger.MyCampaigns.generics.FileUtility.readDataFromPropFile(FileUtility.java:20)
	at com.Vtiger.MyCampaigns.generics.Baseclass.launchBrowser(Baseclass.java:52)
	at sun.reflect.NativeMethodAccessorImpl.invoke0(Native Method)
	at sun.reflect.NativeMethodAccessorImpl.invoke(Unknown Source)
	at sun.reflect.DelegatingMethodAccessorImpl.invoke(Unknown Source)
	at java.lang.reflect.Method.invoke(Unknown Source)
	at org.testng.internal.MethodInvocationHelper.invokeMethod(MethodInvocationHelper.java:132)
	at org.testng.internal.MethodInvocationHelper.invokeMethodConsideringTimeout(MethodInvocationHelper.java:61)
	at org.testng.internal.ConfigInvoker.invokeConfigurationMethod(ConfigInvoker.java:366)
	at org.testng.internal.ConfigInvoker.invokeConfigurations(ConfigInvoker.java:320)
	at org.testng.internal.TestMethodWorker.invokeBeforeClassMethods(TestMethodWorker.java:176)
	at org.testng.internal.TestMethodWorker.run(TestMethodWorker.java:122)
	at java.util.ArrayList.forEach(Unknown Source)
	at org.testng.TestRunner.privateRun(TestRunner.java:764)
	at org.testng.TestRunner.run(TestRunner.java:585)
	at org.testng.SuiteRunner.runTest(SuiteRunner.java:384)
	at org.testng.SuiteRunner.runSequentially(SuiteRunner.java:378)
	at org.testng.SuiteRunner.privateRun(SuiteRunner.java:337)
	at org.testng.SuiteRunner.run(SuiteRunner.java:286)
	at org.testng.SuiteRunnerWorker.runSuite(SuiteRunnerWorker.java:53)
	at org.testng.SuiteRunnerWorker.run(SuiteRunnerWorker.java:96)
	at org.testng.TestNG.runSuitesSequentially(TestNG.java:1218)
	at org.testng.TestNG.runSuitesLocally(TestNG.java:1140)
	at org.testng.TestNG.runSuites(TestNG.java:1069)
	at org.testng.TestNG.run(TestNG.java:1037)
	at org.testng.remote.AbstractRemoteTestNG.run(AbstractRemoteTestNG.java:115)
	at org.testng.remote.RemoteTestNG.initAndRun(RemoteTestNG.java:251)
	at org.testng.remote.RemoteTestNG.main(RemoteTestNG.java:77)
</pre></div></td>
<td>0</td>
<td>MavenPro_TYSS.SDET.Vtiger_MyCampaigns_TestScripts.TestCase_13_WorldClockPopUP@2a742aa2</td></tr>
<tr>
<td title='MavenPro_TYSS.SDET.Vtiger_MyCampaigns_TestScripts.TestCase_15_AdvancedSearchForSecondDpDn.launchBrowser()'><b>launchBrowser</b><br>Test class: MavenPro_TYSS.SDET.Vtiger_MyCampaigns_TestScripts.TestCase_15_AdvancedSearchForSecondDpDn</td>
<td><div><pre>java.io.FileNotFoundException: .\SDET.Vtiger_MyCampaigns\data\commonData.properties (The system cannot find the path specified)
	at java.io.FileInputStream.open0(Native Method)
	at java.io.FileInputStream.open(Unknown Source)
	at java.io.FileInputStream.&lt;init&gt;(Unknown Source)
	at java.io.FileInputStream.&lt;init&gt;(Unknown Source)
	at com.Vtiger.MyCampaigns.generics.FileUtility.readDataFromPropFile(FileUtility.java:20)
	at com.Vtiger.MyCampaigns.generics.Baseclass.launchBrowser(Baseclass.java:52)
	at java.util.ArrayList.forEach(Unknown Source)
... Removed 25 stack frames</pre></div><a href='#' onClick='toggleBox("stack-trace770911223", this, "Click to show all stack frames", "Click to hide stack frames")'>Click to show all stack frames</a>
<div class='stack-trace' id='stack-trace770911223'><pre>java.io.FileNotFoundException: .\SDET.Vtiger_MyCampaigns\data\commonData.properties (The system cannot find the path specified)
	at java.io.FileInputStream.open0(Native Method)
	at java.io.FileInputStream.open(Unknown Source)
	at java.io.FileInputStream.&lt;init&gt;(Unknown Source)
	at java.io.FileInputStream.&lt;init&gt;(Unknown Source)
	at com.Vtiger.MyCampaigns.generics.FileUtility.readDataFromPropFile(FileUtility.java:20)
	at com.Vtiger.MyCampaigns.generics.Baseclass.launchBrowser(Baseclass.java:52)
	at sun.reflect.NativeMethodAccessorImpl.invoke0(Native Method)
	at sun.reflect.NativeMethodAccessorImpl.invoke(Unknown Source)
	at sun.reflect.DelegatingMethodAccessorImpl.invoke(Unknown Source)
	at java.lang.reflect.Method.invoke(Unknown Source)
	at org.testng.internal.MethodInvocationHelper.invokeMethod(MethodInvocationHelper.java:132)
	at org.testng.internal.MethodInvocationHelper.invokeMethodConsideringTimeout(MethodInvocationHelper.java:61)
	at org.testng.internal.ConfigInvoker.invokeConfigurationMethod(ConfigInvoker.java:366)
	at org.testng.internal.ConfigInvoker.invokeConfigurations(ConfigInvoker.java:320)
	at org.testng.internal.TestMethodWorker.invokeBeforeClassMethods(TestMethodWorker.java:176)
	at org.testng.internal.TestMethodWorker.run(TestMethodWorker.java:122)
	at java.util.ArrayList.forEach(Unknown Source)
	at org.testng.TestRunner.privateRun(TestRunner.java:764)
	at org.testng.TestRunner.run(TestRunner.java:585)
	at org.testng.SuiteRunner.runTest(SuiteRunner.java:384)
	at org.testng.SuiteRunner.runSequentially(SuiteRunner.java:378)
	at org.testng.SuiteRunner.privateRun(SuiteRunner.java:337)
	at org.testng.SuiteRunner.run(SuiteRunner.java:286)
	at org.testng.SuiteRunnerWorker.runSuite(SuiteRunnerWorker.java:53)
	at org.testng.SuiteRunnerWorker.run(SuiteRunnerWorker.java:96)
	at org.testng.TestNG.runSuitesSequentially(TestNG.java:1218)
	at org.testng.TestNG.runSuitesLocally(TestNG.java:1140)
	at org.testng.TestNG.runSuites(TestNG.java:1069)
	at org.testng.TestNG.run(TestNG.java:1037)
	at org.testng.remote.AbstractRemoteTestNG.run(AbstractRemoteTestNG.java:115)
	at org.testng.remote.RemoteTestNG.initAndRun(RemoteTestNG.java:251)
	at org.testng.remote.RemoteTestNG.main(RemoteTestNG.java:77)
</pre></div></td>
<td>0</td>
<td>MavenPro_TYSS.SDET.Vtiger_MyCampaigns_TestScripts.TestCase_15_AdvancedSearchForSecondDpDn@3cb1ffe6</td></tr>
<tr>
<td title='MavenPro_TYSS.SDET.Vtiger_MyCampaigns_TestScripts.TestCase_14_AdvancedSearchForFirstDpDn.launchBrowser()'><b>launchBrowser</b><br>Test class: MavenPro_TYSS.SDET.Vtiger_MyCampaigns_TestScripts.TestCase_14_AdvancedSearchForFirstDpDn</td>
<td><div><pre>java.io.FileNotFoundException: .\SDET.Vtiger_MyCampaigns\data\commonData.properties (The system cannot find the path specified)
	at java.io.FileInputStream.open0(Native Method)
	at java.io.FileInputStream.open(Unknown Source)
	at java.io.FileInputStream.&lt;init&gt;(Unknown Source)
	at java.io.FileInputStream.&lt;init&gt;(Unknown Source)
	at com.Vtiger.MyCampaigns.generics.FileUtility.readDataFromPropFile(FileUtility.java:20)
	at com.Vtiger.MyCampaigns.generics.Baseclass.launchBrowser(Baseclass.java:52)
	at java.util.ArrayList.forEach(Unknown Source)
... Removed 25 stack frames</pre></div><a href='#' onClick='toggleBox("stack-trace1890187342", this, "Click to show all stack frames", "Click to hide stack frames")'>Click to show all stack frames</a>
<div class='stack-trace' id='stack-trace1890187342'><pre>java.io.FileNotFoundException: .\SDET.Vtiger_MyCampaigns\data\commonData.properties (The system cannot find the path specified)
	at java.io.FileInputStream.open0(Native Method)
	at java.io.FileInputStream.open(Unknown Source)
	at java.io.FileInputStream.&lt;init&gt;(Unknown Source)
	at java.io.FileInputStream.&lt;init&gt;(Unknown Source)
	at com.Vtiger.MyCampaigns.generics.FileUtility.readDataFromPropFile(FileUtility.java:20)
	at com.Vtiger.MyCampaigns.generics.Baseclass.launchBrowser(Baseclass.java:52)
	at sun.reflect.NativeMethodAccessorImpl.invoke0(Native Method)
	at sun.reflect.NativeMethodAccessorImpl.invoke(Unknown Source)
	at sun.reflect.DelegatingMethodAccessorImpl.invoke(Unknown Source)
	at java.lang.reflect.Method.invoke(Unknown Source)
	at org.testng.internal.MethodInvocationHelper.invokeMethod(MethodInvocationHelper.java:132)
	at org.testng.internal.MethodInvocationHelper.invokeMethodConsideringTimeout(MethodInvocationHelper.java:61)
	at org.testng.internal.ConfigInvoker.invokeConfigurationMethod(ConfigInvoker.java:366)
	at org.testng.internal.ConfigInvoker.invokeConfigurations(ConfigInvoker.java:320)
	at org.testng.internal.TestMethodWorker.invokeBeforeClassMethods(TestMethodWorker.java:176)
	at org.testng.internal.TestMethodWorker.run(TestMethodWorker.java:122)
	at java.util.ArrayList.forEach(Unknown Source)
	at org.testng.TestRunner.privateRun(TestRunner.java:764)
	at org.testng.TestRunner.run(TestRunner.java:585)
	at org.testng.SuiteRunner.runTest(SuiteRunner.java:384)
	at org.testng.SuiteRunner.runSequentially(SuiteRunner.java:378)
	at org.testng.SuiteRunner.privateRun(SuiteRunner.java:337)
	at org.testng.SuiteRunner.run(SuiteRunner.java:286)
	at org.testng.SuiteRunnerWorker.runSuite(SuiteRunnerWorker.java:53)
	at org.testng.SuiteRunnerWorker.run(SuiteRunnerWorker.java:96)
	at org.testng.TestNG.runSuitesSequentially(TestNG.java:1218)
	at org.testng.TestNG.runSuitesLocally(TestNG.java:1140)
	at org.testng.TestNG.runSuites(TestNG.java:1069)
	at org.testng.TestNG.run(TestNG.java:1037)
	at org.testng.remote.AbstractRemoteTestNG.run(AbstractRemoteTestNG.java:115)
	at org.testng.remote.RemoteTestNG.initAndRun(RemoteTestNG.java:251)
	at org.testng.remote.RemoteTestNG.main(RemoteTestNG.java:77)
</pre></div></td>
<td>0</td>
<td>MavenPro_TYSS.SDET.Vtiger_MyCampaigns_TestScripts.TestCase_14_AdvancedSearchForFirstDpDn@3dfc5fb8</td></tr>
</table><p>
<table width='100%' border='1' class='invocation-skipped'>
<tr><td colspan='4' align='center'><b>SKIPPED CONFIGURATIONS</b></td></tr>
<tr><td><b>Test method</b></td>
<td width="30%"><b>Exception</b></td>
<td width="10%"><b>Time (seconds)</b></td>
<td><b>Instance</b></td>
</tr>
<tr>
<td title='MavenPro_TYSS.SDET.Vtiger_MyCampaigns_TestScripts.TestCase_12_MEDispOldData.logintoapp()'><b>logintoapp</b><br>Test class: MavenPro_TYSS.SDET.Vtiger_MyCampaigns_TestScripts.TestCase_12_MEDispOldData</td>
<td></td>
<td>-1618948892</td>
<td>MavenPro_TYSS.SDET.Vtiger_MyCampaigns_TestScripts.TestCase_12_MEDispOldData@2a556333</td></tr>
<tr>
<td title='MavenPro_TYSS.SDET.Vtiger_MyCampaigns_TestScripts.TestCase_11_MassEditForMandatoryFields.logintoapp()'><b>logintoapp</b><br>Test class: MavenPro_TYSS.SDET.Vtiger_MyCampaigns_TestScripts.TestCase_11_MassEditForMandatoryFields</td>
<td></td>
<td>-1618948892</td>
<td>MavenPro_TYSS.SDET.Vtiger_MyCampaigns_TestScripts.TestCase_11_MassEditForMandatoryFields@7d70d1b1</td></tr>
<tr>
<td title='MavenPro_TYSS.SDET.Vtiger_MyCampaigns_TestScripts.TestCase_13_WorldClockPopUP.logintoapp()'><b>logintoapp</b><br>Test class: MavenPro_TYSS.SDET.Vtiger_MyCampaigns_TestScripts.TestCase_13_WorldClockPopUP</td>
<td></td>
<td>-1618948892</td>
<td>MavenPro_TYSS.SDET.Vtiger_MyCampaigns_TestScripts.TestCase_13_WorldClockPopUP@2a742aa2</td></tr>
<tr>
<td title='MavenPro_TYSS.SDET.Vtiger_MyCampaigns_TestScripts.TestCase_15_AdvancedSearchForSecondDpDn.logintoapp()'><b>logintoapp</b><br>Test class: MavenPro_TYSS.SDET.Vtiger_MyCampaigns_TestScripts.TestCase_15_AdvancedSearchForSecondDpDn</td>
<td></td>
<td>-1618948892</td>
<td>MavenPro_TYSS.SDET.Vtiger_MyCampaigns_TestScripts.TestCase_15_AdvancedSearchForSecondDpDn@3cb1ffe6</td></tr>
<tr>
<td title='MavenPro_TYSS.SDET.Vtiger_MyCampaigns_TestScripts.TestCase_14_AdvancedSearchForFirstDpDn.logintoapp()'><b>logintoapp</b><br>Test class: MavenPro_TYSS.SDET.Vtiger_MyCampaigns_TestScripts.TestCase_14_AdvancedSearchForFirstDpDn</td>
<td></td>
<td>-1618948892</td>
<td>MavenPro_TYSS.SDET.Vtiger_MyCampaigns_TestScripts.TestCase_14_AdvancedSearchForFirstDpDn@3dfc5fb8</td></tr>
<tr>
<td title='MavenPro_TYSS.SDET.Vtiger_MyCampaigns_TestScripts.TestCase_12_MEDispOldData.logoutfromApp()'><b>logoutfromApp</b><br>Test class: MavenPro_TYSS.SDET.Vtiger_MyCampaigns_TestScripts.TestCase_12_MEDispOldData</td>
<td></td>
<td>-1618948892</td>
<td>MavenPro_TYSS.SDET.Vtiger_MyCampaigns_TestScripts.TestCase_12_MEDispOldData@2a556333</td></tr>
<tr>
<td title='MavenPro_TYSS.SDET.Vtiger_MyCampaigns_TestScripts.TestCase_11_MassEditForMandatoryFields.logoutfromApp()'><b>logoutfromApp</b><br>Test class: MavenPro_TYSS.SDET.Vtiger_MyCampaigns_TestScripts.TestCase_11_MassEditForMandatoryFields</td>
<td></td>
<td>-1618948892</td>
<td>MavenPro_TYSS.SDET.Vtiger_MyCampaigns_TestScripts.TestCase_11_MassEditForMandatoryFields@7d70d1b1</td></tr>
<tr>
<td title='MavenPro_TYSS.SDET.Vtiger_MyCampaigns_TestScripts.TestCase_13_WorldClockPopUP.logoutfromApp()'><b>logoutfromApp</b><br>Test class: MavenPro_TYSS.SDET.Vtiger_MyCampaigns_TestScripts.TestCase_13_WorldClockPopUP</td>
<td></td>
<td>-1618948892</td>
<td>MavenPro_TYSS.SDET.Vtiger_MyCampaigns_TestScripts.TestCase_13_WorldClockPopUP@2a742aa2</td></tr>
<tr>
<td title='MavenPro_TYSS.SDET.Vtiger_MyCampaigns_TestScripts.TestCase_15_AdvancedSearchForSecondDpDn.logoutfromApp()'><b>logoutfromApp</b><br>Test class: MavenPro_TYSS.SDET.Vtiger_MyCampaigns_TestScripts.TestCase_15_AdvancedSearchForSecondDpDn</td>
<td></td>
<td>-1618948892</td>
<td>MavenPro_TYSS.SDET.Vtiger_MyCampaigns_TestScripts.TestCase_15_AdvancedSearchForSecondDpDn@3cb1ffe6</td></tr>
<tr>
<td title='MavenPro_TYSS.SDET.Vtiger_MyCampaigns_TestScripts.TestCase_14_AdvancedSearchForFirstDpDn.logoutfromApp()'><b>logoutfromApp</b><br>Test class: MavenPro_TYSS.SDET.Vtiger_MyCampaigns_TestScripts.TestCase_14_AdvancedSearchForFirstDpDn</td>
<td></td>
<td>-1618948892</td>
<td>MavenPro_TYSS.SDET.Vtiger_MyCampaigns_TestScripts.TestCase_14_AdvancedSearchForFirstDpDn@3dfc5fb8</td></tr>
<tr>
<td title='MavenPro_TYSS.SDET.Vtiger_MyCampaigns_TestScripts.TestCase_12_MEDispOldData.closeBrowser()'><b>closeBrowser</b><br>Test class: MavenPro_TYSS.SDET.Vtiger_MyCampaigns_TestScripts.TestCase_12_MEDispOldData</td>
<td></td>
<td>-1618948892</td>
<td>MavenPro_TYSS.SDET.Vtiger_MyCampaigns_TestScripts.TestCase_12_MEDispOldData@2a556333</td></tr>
<tr>
<td title='MavenPro_TYSS.SDET.Vtiger_MyCampaigns_TestScripts.TestCase_11_MassEditForMandatoryFields.closeBrowser()'><b>closeBrowser</b><br>Test class: MavenPro_TYSS.SDET.Vtiger_MyCampaigns_TestScripts.TestCase_11_MassEditForMandatoryFields</td>
<td></td>
<td>-1618948892</td>
<td>MavenPro_TYSS.SDET.Vtiger_MyCampaigns_TestScripts.TestCase_11_MassEditForMandatoryFields@7d70d1b1</td></tr>
<tr>
<td title='MavenPro_TYSS.SDET.Vtiger_MyCampaigns_TestScripts.TestCase_13_WorldClockPopUP.closeBrowser()'><b>closeBrowser</b><br>Test class: MavenPro_TYSS.SDET.Vtiger_MyCampaigns_TestScripts.TestCase_13_WorldClockPopUP</td>
<td></td>
<td>-1618948892</td>
<td>MavenPro_TYSS.SDET.Vtiger_MyCampaigns_TestScripts.TestCase_13_WorldClockPopUP@2a742aa2</td></tr>
<tr>
<td title='MavenPro_TYSS.SDET.Vtiger_MyCampaigns_TestScripts.TestCase_15_AdvancedSearchForSecondDpDn.closeBrowser()'><b>closeBrowser</b><br>Test class: MavenPro_TYSS.SDET.Vtiger_MyCampaigns_TestScripts.TestCase_15_AdvancedSearchForSecondDpDn</td>
<td></td>
<td>-1618948892</td>
<td>MavenPro_TYSS.SDET.Vtiger_MyCampaigns_TestScripts.TestCase_15_AdvancedSearchForSecondDpDn@3cb1ffe6</td></tr>
<tr>
<td title='MavenPro_TYSS.SDET.Vtiger_MyCampaigns_TestScripts.TestCase_14_AdvancedSearchForFirstDpDn.closeBrowser()'><b>closeBrowser</b><br>Test class: MavenPro_TYSS.SDET.Vtiger_MyCampaigns_TestScripts.TestCase_14_AdvancedSearchForFirstDpDn</td>
<td></td>
<td>-1618948892</td>
<td>MavenPro_TYSS.SDET.Vtiger_MyCampaigns_TestScripts.TestCase_14_AdvancedSearchForFirstDpDn@3dfc5fb8</td></tr>
</table><p>
<table width='100%' border='1' class='invocation-skipped'>
<tr><td colspan='4' align='center'><b>SKIPPED TESTS</b></td></tr>
<tr><td><b>Test method</b></td>
<td width="30%"><b>Exception</b></td>
<td width="10%"><b>Time (seconds)</b></td>
<td><b>Instance</b></td>
</tr>
<tr>
<td title='MavenPro_TYSS.SDET.Vtiger_MyCampaigns_TestScripts.TestCase_14_AdvancedSearchForFirstDpDn.MyCampaigns_AdvancedSearchForFirstDpDn()'><b>MyCampaigns_AdvancedSearchForFirstDpDn</b><br>Test class: MavenPro_TYSS.SDET.Vtiger_MyCampaigns_TestScripts.TestCase_14_AdvancedSearchForFirstDpDn</td>
<td><div><pre>java.io.FileNotFoundException: .\SDET.Vtiger_MyCampaigns\data\commonData.properties (The system cannot find the path specified)
	at java.io.FileInputStream.open0(Native Method)
	at java.io.FileInputStream.open(Unknown Source)
	at java.io.FileInputStream.&lt;init&gt;(Unknown Source)
	at java.io.FileInputStream.&lt;init&gt;(Unknown Source)
	at com.Vtiger.MyCampaigns.generics.FileUtility.readDataFromPropFile(FileUtility.java:20)
	at com.Vtiger.MyCampaigns.generics.Baseclass.launchBrowser(Baseclass.java:52)
	at java.util.ArrayList.forEach(Unknown Source)
... Removed 25 stack frames</pre></div><a href='#' onClick='toggleBox("stack-trace793315160", this, "Click to show all stack frames", "Click to hide stack frames")'>Click to show all stack frames</a>
<div class='stack-trace' id='stack-trace793315160'><pre>java.io.FileNotFoundException: .\SDET.Vtiger_MyCampaigns\data\commonData.properties (The system cannot find the path specified)
	at java.io.FileInputStream.open0(Native Method)
	at java.io.FileInputStream.open(Unknown Source)
	at java.io.FileInputStream.&lt;init&gt;(Unknown Source)
	at java.io.FileInputStream.&lt;init&gt;(Unknown Source)
	at com.Vtiger.MyCampaigns.generics.FileUtility.readDataFromPropFile(FileUtility.java:20)
	at com.Vtiger.MyCampaigns.generics.Baseclass.launchBrowser(Baseclass.java:52)
	at sun.reflect.NativeMethodAccessorImpl.invoke0(Native Method)
	at sun.reflect.NativeMethodAccessorImpl.invoke(Unknown Source)
	at sun.reflect.DelegatingMethodAccessorImpl.invoke(Unknown Source)
	at java.lang.reflect.Method.invoke(Unknown Source)
	at org.testng.internal.MethodInvocationHelper.invokeMethod(MethodInvocationHelper.java:132)
	at org.testng.internal.MethodInvocationHelper.invokeMethodConsideringTimeout(MethodInvocationHelper.java:61)
	at org.testng.internal.ConfigInvoker.invokeConfigurationMethod(ConfigInvoker.java:366)
	at org.testng.internal.ConfigInvoker.invokeConfigurations(ConfigInvoker.java:320)
	at org.testng.internal.TestMethodWorker.invokeBeforeClassMethods(TestMethodWorker.java:176)
	at org.testng.internal.TestMethodWorker.run(TestMethodWorker.java:122)
	at java.util.ArrayList.forEach(Unknown Source)
	at org.testng.TestRunner.privateRun(TestRunner.java:764)
	at org.testng.TestRunner.run(TestRunner.java:585)
	at org.testng.SuiteRunner.runTest(SuiteRunner.java:384)
	at org.testng.SuiteRunner.runSequentially(SuiteRunner.java:378)
	at org.testng.SuiteRunner.privateRun(SuiteRunner.java:337)
	at org.testng.SuiteRunner.run(SuiteRunner.java:286)
	at org.testng.SuiteRunnerWorker.runSuite(SuiteRunnerWorker.java:53)
	at org.testng.SuiteRunnerWorker.run(SuiteRunnerWorker.java:96)
	at org.testng.TestNG.runSuitesSequentially(TestNG.java:1218)
	at org.testng.TestNG.runSuitesLocally(TestNG.java:1140)
	at org.testng.TestNG.runSuites(TestNG.java:1069)
	at org.testng.TestNG.run(TestNG.java:1037)
	at org.testng.remote.AbstractRemoteTestNG.run(AbstractRemoteTestNG.java:115)
	at org.testng.remote.RemoteTestNG.initAndRun(RemoteTestNG.java:251)
	at org.testng.remote.RemoteTestNG.main(RemoteTestNG.java:77)
</pre></div></td>
<td>0</td>
<td>MavenPro_TYSS.SDET.Vtiger_MyCampaigns_TestScripts.TestCase_14_AdvancedSearchForFirstDpDn@3dfc5fb8</td></tr>
<tr>
<td title='MavenPro_TYSS.SDET.Vtiger_MyCampaigns_TestScripts.TestCase_15_AdvancedSearchForSecondDpDn.MyCampaigns_AdvancedSearchForSecondDpDn()'><b>MyCampaigns_AdvancedSearchForSecondDpDn</b><br>Test class: MavenPro_TYSS.SDET.Vtiger_MyCampaigns_TestScripts.TestCase_15_AdvancedSearchForSecondDpDn</td>
<td><div><pre>java.io.FileNotFoundException: .\SDET.Vtiger_MyCampaigns\data\commonData.properties (The system cannot find the path specified)
	at java.io.FileInputStream.open0(Native Method)
	at java.io.FileInputStream.open(Unknown Source)
	at java.io.FileInputStream.&lt;init&gt;(Unknown Source)
	at java.io.FileInputStream.&lt;init&gt;(Unknown Source)
	at com.Vtiger.MyCampaigns.generics.FileUtility.readDataFromPropFile(FileUtility.java:20)
	at com.Vtiger.MyCampaigns.generics.Baseclass.launchBrowser(Baseclass.java:52)
	at java.util.ArrayList.forEach(Unknown Source)
... Removed 25 stack frames</pre></div><a href='#' onClick='toggleBox("stack-trace255944888", this, "Click to show all stack frames", "Click to hide stack frames")'>Click to show all stack frames</a>
<div class='stack-trace' id='stack-trace255944888'><pre>java.io.FileNotFoundException: .\SDET.Vtiger_MyCampaigns\data\commonData.properties (The system cannot find the path specified)
	at java.io.FileInputStream.open0(Native Method)
	at java.io.FileInputStream.open(Unknown Source)
	at java.io.FileInputStream.&lt;init&gt;(Unknown Source)
	at java.io.FileInputStream.&lt;init&gt;(Unknown Source)
	at com.Vtiger.MyCampaigns.generics.FileUtility.readDataFromPropFile(FileUtility.java:20)
	at com.Vtiger.MyCampaigns.generics.Baseclass.launchBrowser(Baseclass.java:52)
	at sun.reflect.NativeMethodAccessorImpl.invoke0(Native Method)
	at sun.reflect.NativeMethodAccessorImpl.invoke(Unknown Source)
	at sun.reflect.DelegatingMethodAccessorImpl.invoke(Unknown Source)
	at java.lang.reflect.Method.invoke(Unknown Source)
	at org.testng.internal.MethodInvocationHelper.invokeMethod(MethodInvocationHelper.java:132)
	at org.testng.internal.MethodInvocationHelper.invokeMethodConsideringTimeout(MethodInvocationHelper.java:61)
	at org.testng.internal.ConfigInvoker.invokeConfigurationMethod(ConfigInvoker.java:366)
	at org.testng.internal.ConfigInvoker.invokeConfigurations(ConfigInvoker.java:320)
	at org.testng.internal.TestMethodWorker.invokeBeforeClassMethods(TestMethodWorker.java:176)
	at org.testng.internal.TestMethodWorker.run(TestMethodWorker.java:122)
	at java.util.ArrayList.forEach(Unknown Source)
	at org.testng.TestRunner.privateRun(TestRunner.java:764)
	at org.testng.TestRunner.run(TestRunner.java:585)
	at org.testng.SuiteRunner.runTest(SuiteRunner.java:384)
	at org.testng.SuiteRunner.runSequentially(SuiteRunner.java:378)
	at org.testng.SuiteRunner.privateRun(SuiteRunner.java:337)
	at org.testng.SuiteRunner.run(SuiteRunner.java:286)
	at org.testng.SuiteRunnerWorker.runSuite(SuiteRunnerWorker.java:53)
	at org.testng.SuiteRunnerWorker.run(SuiteRunnerWorker.java:96)
	at org.testng.TestNG.runSuitesSequentially(TestNG.java:1218)
	at org.testng.TestNG.runSuitesLocally(TestNG.java:1140)
	at org.testng.TestNG.runSuites(TestNG.java:1069)
	at org.testng.TestNG.run(TestNG.java:1037)
	at org.testng.remote.AbstractRemoteTestNG.run(AbstractRemoteTestNG.java:115)
	at org.testng.remote.RemoteTestNG.initAndRun(RemoteTestNG.java:251)
	at org.testng.remote.RemoteTestNG.main(RemoteTestNG.java:77)
</pre></div></td>
<td>0</td>
<td>MavenPro_TYSS.SDET.Vtiger_MyCampaigns_TestScripts.TestCase_15_AdvancedSearchForSecondDpDn@3cb1ffe6</td></tr>
<tr>
<td title='MavenPro_TYSS.SDET.Vtiger_MyCampaigns_TestScripts.TestCase_11_MassEditForMandatoryFields.MyCampaigns_MassEditForMandtoryFields()'><b>MyCampaigns_MassEditForMandtoryFields</b><br>Test class: MavenPro_TYSS.SDET.Vtiger_MyCampaigns_TestScripts.TestCase_11_MassEditForMandatoryFields</td>
<td><div><pre>java.io.FileNotFoundException: .\SDET.Vtiger_MyCampaigns\data\commonData.properties (The system cannot find the path specified)
	at java.io.FileInputStream.open0(Native Method)
	at java.io.FileInputStream.open(Unknown Source)
	at java.io.FileInputStream.&lt;init&gt;(Unknown Source)
	at java.io.FileInputStream.&lt;init&gt;(Unknown Source)
	at com.Vtiger.MyCampaigns.generics.FileUtility.readDataFromPropFile(FileUtility.java:20)
	at com.Vtiger.MyCampaigns.generics.Baseclass.launchBrowser(Baseclass.java:52)
	at java.util.ArrayList.forEach(Unknown Source)
... Removed 25 stack frames</pre></div><a href='#' onClick='toggleBox("stack-trace1615039080", this, "Click to show all stack frames", "Click to hide stack frames")'>Click to show all stack frames</a>
<div class='stack-trace' id='stack-trace1615039080'><pre>java.io.FileNotFoundException: .\SDET.Vtiger_MyCampaigns\data\commonData.properties (The system cannot find the path specified)
	at java.io.FileInputStream.open0(Native Method)
	at java.io.FileInputStream.open(Unknown Source)
	at java.io.FileInputStream.&lt;init&gt;(Unknown Source)
	at java.io.FileInputStream.&lt;init&gt;(Unknown Source)
	at com.Vtiger.MyCampaigns.generics.FileUtility.readDataFromPropFile(FileUtility.java:20)
	at com.Vtiger.MyCampaigns.generics.Baseclass.launchBrowser(Baseclass.java:52)
	at sun.reflect.NativeMethodAccessorImpl.invoke0(Native Method)
	at sun.reflect.NativeMethodAccessorImpl.invoke(Unknown Source)
	at sun.reflect.DelegatingMethodAccessorImpl.invoke(Unknown Source)
	at java.lang.reflect.Method.invoke(Unknown Source)
	at org.testng.internal.MethodInvocationHelper.invokeMethod(MethodInvocationHelper.java:132)
	at org.testng.internal.MethodInvocationHelper.invokeMethodConsideringTimeout(MethodInvocationHelper.java:61)
	at org.testng.internal.ConfigInvoker.invokeConfigurationMethod(ConfigInvoker.java:366)
	at org.testng.internal.ConfigInvoker.invokeConfigurations(ConfigInvoker.java:320)
	at org.testng.internal.TestMethodWorker.invokeBeforeClassMethods(TestMethodWorker.java:176)
	at org.testng.internal.TestMethodWorker.run(TestMethodWorker.java:122)
	at java.util.ArrayList.forEach(Unknown Source)
	at org.testng.TestRunner.privateRun(TestRunner.java:764)
	at org.testng.TestRunner.run(TestRunner.java:585)
	at org.testng.SuiteRunner.runTest(SuiteRunner.java:384)
	at org.testng.SuiteRunner.runSequentially(SuiteRunner.java:378)
	at org.testng.SuiteRunner.privateRun(SuiteRunner.java:337)
	at org.testng.SuiteRunner.run(SuiteRunner.java:286)
	at org.testng.SuiteRunnerWorker.runSuite(SuiteRunnerWorker.java:53)
	at org.testng.SuiteRunnerWorker.run(SuiteRunnerWorker.java:96)
	at org.testng.TestNG.runSuitesSequentially(TestNG.java:1218)
	at org.testng.TestNG.runSuitesLocally(TestNG.java:1140)
	at org.testng.TestNG.runSuites(TestNG.java:1069)
	at org.testng.TestNG.run(TestNG.java:1037)
	at org.testng.remote.AbstractRemoteTestNG.run(AbstractRemoteTestNG.java:115)
	at org.testng.remote.RemoteTestNG.initAndRun(RemoteTestNG.java:251)
	at org.testng.remote.RemoteTestNG.main(RemoteTestNG.java:77)
</pre></div></td>
<td>0</td>
<td>MavenPro_TYSS.SDET.Vtiger_MyCampaigns_TestScripts.TestCase_11_MassEditForMandatoryFields@7d70d1b1</td></tr>
<tr>
<td title='MavenPro_TYSS.SDET.Vtiger_MyCampaigns_TestScripts.TestCase_12_MEDispOldData.MyCampaigns_MassEditOldData()'><b>MyCampaigns_MassEditOldData</b><br>Test class: MavenPro_TYSS.SDET.Vtiger_MyCampaigns_TestScripts.TestCase_12_MEDispOldData</td>
<td><div><pre>java.io.FileNotFoundException: .\SDET.Vtiger_MyCampaigns\data\commonData.properties (The system cannot find the path specified)
	at java.io.FileInputStream.open0(Native Method)
	at java.io.FileInputStream.open(Unknown Source)
	at java.io.FileInputStream.&lt;init&gt;(Unknown Source)
	at java.io.FileInputStream.&lt;init&gt;(Unknown Source)
	at com.Vtiger.MyCampaigns.generics.FileUtility.readDataFromPropFile(FileUtility.java:20)
	at com.Vtiger.MyCampaigns.generics.Baseclass.launchBrowser(Baseclass.java:52)
	at java.util.ArrayList.forEach(Unknown Source)
... Removed 25 stack frames</pre></div><a href='#' onClick='toggleBox("stack-trace1601292138", this, "Click to show all stack frames", "Click to hide stack frames")'>Click to show all stack frames</a>
<div class='stack-trace' id='stack-trace1601292138'><pre>java.io.FileNotFoundException: .\SDET.Vtiger_MyCampaigns\data\commonData.properties (The system cannot find the path specified)
	at java.io.FileInputStream.open0(Native Method)
	at java.io.FileInputStream.open(Unknown Source)
	at java.io.FileInputStream.&lt;init&gt;(Unknown Source)
	at java.io.FileInputStream.&lt;init&gt;(Unknown Source)
	at com.Vtiger.MyCampaigns.generics.FileUtility.readDataFromPropFile(FileUtility.java:20)
	at com.Vtiger.MyCampaigns.generics.Baseclass.launchBrowser(Baseclass.java:52)
	at sun.reflect.NativeMethodAccessorImpl.invoke0(Native Method)
	at sun.reflect.NativeMethodAccessorImpl.invoke(Unknown Source)
	at sun.reflect.DelegatingMethodAccessorImpl.invoke(Unknown Source)
	at java.lang.reflect.Method.invoke(Unknown Source)
	at org.testng.internal.MethodInvocationHelper.invokeMethod(MethodInvocationHelper.java:132)
	at org.testng.internal.MethodInvocationHelper.invokeMethodConsideringTimeout(MethodInvocationHelper.java:61)
	at org.testng.internal.ConfigInvoker.invokeConfigurationMethod(ConfigInvoker.java:366)
	at org.testng.internal.ConfigInvoker.invokeConfigurations(ConfigInvoker.java:320)
	at org.testng.internal.TestMethodWorker.invokeBeforeClassMethods(TestMethodWorker.java:176)
	at org.testng.internal.TestMethodWorker.run(TestMethodWorker.java:122)
	at java.util.ArrayList.forEach(Unknown Source)
	at org.testng.TestRunner.privateRun(TestRunner.java:764)
	at org.testng.TestRunner.run(TestRunner.java:585)
	at org.testng.SuiteRunner.runTest(SuiteRunner.java:384)
	at org.testng.SuiteRunner.runSequentially(SuiteRunner.java:378)
	at org.testng.SuiteRunner.privateRun(SuiteRunner.java:337)
	at org.testng.SuiteRunner.run(SuiteRunner.java:286)
	at org.testng.SuiteRunnerWorker.runSuite(SuiteRunnerWorker.java:53)
	at org.testng.SuiteRunnerWorker.run(SuiteRunnerWorker.java:96)
	at org.testng.TestNG.runSuitesSequentially(TestNG.java:1218)
	at org.testng.TestNG.runSuitesLocally(TestNG.java:1140)
	at org.testng.TestNG.runSuites(TestNG.java:1069)
	at org.testng.TestNG.run(TestNG.java:1037)
	at org.testng.remote.AbstractRemoteTestNG.run(AbstractRemoteTestNG.java:115)
	at org.testng.remote.RemoteTestNG.initAndRun(RemoteTestNG.java:251)
	at org.testng.remote.RemoteTestNG.main(RemoteTestNG.java:77)
</pre></div></td>
<td>0</td>
<td>MavenPro_TYSS.SDET.Vtiger_MyCampaigns_TestScripts.TestCase_12_MEDispOldData@2a556333</td></tr>
<tr>
<td title='MavenPro_TYSS.SDET.Vtiger_MyCampaigns_TestScripts.TestCase_13_WorldClockPopUP.MyCampaigns_ShowWorldClock()'><b>MyCampaigns_ShowWorldClock</b><br>Test class: MavenPro_TYSS.SDET.Vtiger_MyCampaigns_TestScripts.TestCase_13_WorldClockPopUP</td>
<td><div><pre>java.io.FileNotFoundException: .\SDET.Vtiger_MyCampaigns\data\commonData.properties (The system cannot find the path specified)
	at java.io.FileInputStream.open0(Native Method)
	at java.io.FileInputStream.open(Unknown Source)
	at java.io.FileInputStream.&lt;init&gt;(Unknown Source)
	at java.io.FileInputStream.&lt;init&gt;(Unknown Source)
	at com.Vtiger.MyCampaigns.generics.FileUtility.readDataFromPropFile(FileUtility.java:20)
	at com.Vtiger.MyCampaigns.generics.Baseclass.launchBrowser(Baseclass.java:52)
	at java.util.ArrayList.forEach(Unknown Source)
... Removed 25 stack frames</pre></div><a href='#' onClick='toggleBox("stack-trace233021551", this, "Click to show all stack frames", "Click to hide stack frames")'>Click to show all stack frames</a>
<div class='stack-trace' id='stack-trace233021551'><pre>java.io.FileNotFoundException: .\SDET.Vtiger_MyCampaigns\data\commonData.properties (The system cannot find the path specified)
	at java.io.FileInputStream.open0(Native Method)
	at java.io.FileInputStream.open(Unknown Source)
	at java.io.FileInputStream.&lt;init&gt;(Unknown Source)
	at java.io.FileInputStream.&lt;init&gt;(Unknown Source)
	at com.Vtiger.MyCampaigns.generics.FileUtility.readDataFromPropFile(FileUtility.java:20)
	at com.Vtiger.MyCampaigns.generics.Baseclass.launchBrowser(Baseclass.java:52)
	at sun.reflect.NativeMethodAccessorImpl.invoke0(Native Method)
	at sun.reflect.NativeMethodAccessorImpl.invoke(Unknown Source)
	at sun.reflect.DelegatingMethodAccessorImpl.invoke(Unknown Source)
	at java.lang.reflect.Method.invoke(Unknown Source)
	at org.testng.internal.MethodInvocationHelper.invokeMethod(MethodInvocationHelper.java:132)
	at org.testng.internal.MethodInvocationHelper.invokeMethodConsideringTimeout(MethodInvocationHelper.java:61)
	at org.testng.internal.ConfigInvoker.invokeConfigurationMethod(ConfigInvoker.java:366)
	at org.testng.internal.ConfigInvoker.invokeConfigurations(ConfigInvoker.java:320)
	at org.testng.internal.TestMethodWorker.invokeBeforeClassMethods(TestMethodWorker.java:176)
	at org.testng.internal.TestMethodWorker.run(TestMethodWorker.java:122)
	at java.util.ArrayList.forEach(Unknown Source)
	at org.testng.TestRunner.privateRun(TestRunner.java:764)
	at org.testng.TestRunner.run(TestRunner.java:585)
	at org.testng.SuiteRunner.runTest(SuiteRunner.java:384)
	at org.testng.SuiteRunner.runSequentially(SuiteRunner.java:378)
	at org.testng.SuiteRunner.privateRun(SuiteRunner.java:337)
	at org.testng.SuiteRunner.run(SuiteRunner.java:286)
	at org.testng.SuiteRunnerWorker.runSuite(SuiteRunnerWorker.java:53)
	at org.testng.SuiteRunnerWorker.run(SuiteRunnerWorker.java:96)
	at org.testng.TestNG.runSuitesSequentially(TestNG.java:1218)
	at org.testng.TestNG.runSuitesLocally(TestNG.java:1140)
	at org.testng.TestNG.runSuites(TestNG.java:1069)
	at org.testng.TestNG.run(TestNG.java:1037)
	at org.testng.remote.AbstractRemoteTestNG.run(AbstractRemoteTestNG.java:115)
	at org.testng.remote.RemoteTestNG.initAndRun(RemoteTestNG.java:251)
	at org.testng.remote.RemoteTestNG.main(RemoteTestNG.java:77)
</pre></div></td>
<td>0</td>
<td>MavenPro_TYSS.SDET.Vtiger_MyCampaigns_TestScripts.TestCase_13_WorldClockPopUP@2a742aa2</td></tr>
</table><p>
</body>
</html>